<?xml version="1.0" encoding="UTF-8"?>
<testsuite xmlns:xsi="http://www.w3.org/2001/XMLSchema-instance" xsi:noNamespaceSchemaLocation="https://maven.apache.org/surefire/maven-surefire-plugin/xsd/surefire-test-report.xsd" version="3.0.2" name="mx.unam.aragon.ico.is.computadoraapi.ComputadoraapiApplicationTests" time="93.136" tests="5" errors="0" skipped="0" failures="0">
  <properties>
[...]
</properties>
  <testcase name="insertarComputadora" classname="mx.unam.aragon.ico.is.computadoraapi.ComputadoraapiApplicationTests" time="40.001">
    <system-out><![CDATA[23:32:44.571 [main] INFO org.springframework.test.context.support.AnnotationConfigContextLoaderUtils -- Could not detect default configuration classes for test class [mx.unam.aragon.ico.is.computadoraapi.ComputadoraapiApplicationTests]: ComputadoraapiApplicationTests does not declare any static, non-private, non-final, nested classes annotated with @Configuration.
23:32:45.452 [main] INFO org.springframework.boot.test.context.SpringBootTestContextBootstrapper -- Found @SpringBootConfiguration mx.unam.aragon.ico.is.computadoraapi.ComputadoraapiApplication for test class mx.unam.aragon.ico.is.computadoraapi.ComputadoraapiApplicationTests
23:32:47.401 [main] INFO org.springframework.boot.devtools.restart.RestartApplicationListener -- Restart disabled due to context in which it is running

  .   ____          _            __ _ _
 /\\ / ___'_ __ _ _(_)_ __  __ _ \ \ \ \
( ( )\___ | '_ | '_| | '_ \/ _` | \ \ \ \
 \\/  ___)| |_)| | | | | || (_| |  ) ) ) )
  '  |____| .__|_| |_|_| |_\__, | / / / /
 =========|_|==============|___/=/_/_/_/

 :: Spring Boot ::                (v3.4.5)

2025-05-03T23:32:49.854-06:00  INFO 10556 --- [computadoraapi] [           main] u.a.i.i.c.ComputadoraapiApplicationTests : Starting ComputadoraapiApplicationTests using Java 19.0.2 with PID 10556 (started by Monica in C:\Users\Mohjike\Downloads\Escuela\ICO\6\IngenieraSoftware\computadoraapi)
2025-05-03T23:32:49.864-06:00  INFO 10556 --- [computadoraapi] [           main] u.a.i.i.c.ComputadoraapiApplicationTests : No active profile set, falling back to 1 default profile: "default"
2025-05-03T23:32:55.279-06:00  INFO 10556 --- [computadoraapi] [           main] .s.d.r.c.RepositoryConfigurationDelegate : Bootstrapping Spring Data JPA repositories in DEFAULT mode.
2025-05-03T23:32:55.703-06:00  INFO 10556 --- [computadoraapi] [           main] .s.d.r.c.RepositoryConfigurationDelegate : Finished Spring Data repository scanning in 353 ms. Found 1 JPA repository interface.
2025-05-03T23:32:58.643-06:00  INFO 10556 --- [computadoraapi] [           main] o.hibernate.jpa.internal.util.LogHelper  : HHH000204: Processing PersistenceUnitInfo [name: default]
2025-05-03T23:32:59.071-06:00  INFO 10556 --- [computadoraapi] [           main] org.hibernate.Version                    : HHH000412: Hibernate ORM core version 6.6.13.Final
2025-05-03T23:32:59.265-06:00  INFO 10556 --- [computadoraapi] [           main] o.h.c.internal.RegionFactoryInitiator    : HHH000026: Second-level cache disabled
2025-05-03T23:33:01.349-06:00  INFO 10556 --- [computadoraapi] [           main] o.s.o.j.p.SpringPersistenceUnitInfo      : No LoadTimeWeaver setup: ignoring JPA class transformer
2025-05-03T23:33:01.653-06:00  INFO 10556 --- [computadoraapi] [           main] com.zaxxer.hikari.HikariDataSource       : HikariPool-1 - Starting...
2025-05-03T23:33:02.380-06:00  INFO 10556 --- [computadoraapi] [           main] com.zaxxer.hikari.pool.HikariPool        : HikariPool-1 - Added connection org.mariadb.jdbc.Connection@4e4f4092
2025-05-03T23:33:02.390-06:00  INFO 10556 --- [computadoraapi] [           main] com.zaxxer.hikari.HikariDataSource       : HikariPool-1 - Start completed.
2025-05-03T23:33:02.587-06:00  WARN 10556 --- [computadoraapi] [           main] org.hibernate.orm.deprecation            : HHH90000025: MySQL8Dialect does not need to be specified explicitly using 'hibernate.dialect' (remove the property setting and it will be selected by default)
2025-05-03T23:33:02.599-06:00  WARN 10556 --- [computadoraapi] [           main] org.hibernate.orm.deprecation            : HHH90000026: MySQL8Dialect has been deprecated; use org.hibernate.dialect.MySQLDialect instead
2025-05-03T23:33:02.742-06:00  INFO 10556 --- [computadoraapi] [           main] org.hibernate.orm.connections.pooling    : HHH10001005: Database info:
	Database JDBC URL [Connecting through datasource 'HikariDataSource (HikariPool-1)']
	Database driver: undefined/unknown
	Database version: 8.0
	Autocommit mode: undefined/unknown
	Isolation level: undefined/unknown
	Minimum pool size: undefined/unknown
	Maximum pool size: undefined/unknown
2025-05-03T23:33:07.054-06:00  INFO 10556 --- [computadoraapi] [           main] o.h.e.t.j.p.i.JtaPlatformInitiator       : HHH000489: No JTA platform available (set 'hibernate.transaction.jta.platform' to enable JTA platform integration)
Hibernate: alter table computadoras modify column url_foto VARCHAR(500) DEFAULT 'https://extensions.typo3.org/typo3temp/assets/tx_terfe2/images/placeholder_images_1.1.0.png'
Hibernate: alter table computadoras modify column modelo_computadora VARCHAR(50) not null
2025-05-03T23:33:21.785-06:00  INFO 10556 --- [computadoraapi] [           main] j.LocalContainerEntityManagerFactoryBean : Initialized JPA EntityManagerFactory for persistence unit 'default'
2025-05-03T23:33:26.977-06:00  WARN 10556 --- [computadoraapi] [           main] JpaBaseConfiguration$JpaWebConfiguration : spring.jpa.open-in-view is enabled by default. Therefore, database queries may be performed during view rendering. Explicitly configure spring.jpa.open-in-view to disable this warning
2025-05-03T23:33:33.142-06:00  INFO 10556 --- [computadoraapi] [           main] u.a.i.i.c.ComputadoraapiApplicationTests : Started ComputadoraapiApplicationTests in 45.803 seconds (process running for 55.955)
Hibernate: insert into computadoras (marca_computadora,modelo_computadora,precio_pesos) values (?,?,?)
]]></system-out>
  </testcase>
  <testcase name="actualizarComputadora" classname="mx.unam.aragon.ico.is.computadoraapi.ComputadoraapiApplicationTests" time="1.735">
    <system-out><![CDATA[Hibernate: select c1_0.clave,c1_0.url_foto,c1_0.marca_computadora,c1_0.modelo_computadora,c1_0.precio_pesos from computadoras c1_0 where c1_0.clave=?
Hibernate: select c1_0.clave,c1_0.url_foto,c1_0.marca_computadora,c1_0.modelo_computadora,c1_0.precio_pesos from computadoras c1_0 where c1_0.clave=?
Hibernate: update computadoras set url_foto=?,marca_computadora=?,modelo_computadora=?,precio_pesos=? where clave=?
]]></system-out>
  </testcase>
  <testcase name="leerComputadoraPorClave" classname="mx.unam.aragon.ico.is.computadoraapi.ComputadoraapiApplicationTests" time="0.045">
    <system-out><![CDATA[Hibernate: select c1_0.clave,c1_0.url_foto,c1_0.marca_computadora,c1_0.modelo_computadora,c1_0.precio_pesos from computadoras c1_0 where c1_0.clave=?
Computadora [clave=2, marca=HP, modelo=Pavilion 2000, foto=https://extensions.typo3.org/typo3temp/assets/tx_terfe2/images/placeholder_images_1.1.0.png, precio=13000.0]
]]></system-out>
  </testcase>
  <testcase name="contextLoads" classname="mx.unam.aragon.ico.is.computadoraapi.ComputadoraapiApplicationTests" time="0.031"/>
  <testcase name="deleteById" classname="mx.unam.aragon.ico.is.computadoraapi.ComputadoraapiApplicationTests" time="0.055">
    <system-out><![CDATA[Hibernate: select c1_0.clave,c1_0.url_foto,c1_0.marca_computadora,c1_0.modelo_computadora,c1_0.precio_pesos from computadoras c1_0 where c1_0.clave=?
]]></system-out>
  </testcase>
</testsuite>